2023-06-11 18:17:49,499 - __main__ - INFO - ***TXT***
2023-06-11 18:17:50,692 - channel - INFO - Generated a (31, 16) cyclic code
2023-06-11 18:17:50,692 - channel - INFO - 3 correctable errors
2023-06-11 18:17:50,692 - channel - INFO - Generator matrix:
[[1 1 1 1 0 1 0 1 1 1 1 1 0 0 0 1 0 0 0 0 0 0 0 0 0 0 0 0 0 0 0]
 [0 1 1 1 1 0 1 0 1 1 1 1 1 0 0 0 1 0 0 0 0 0 0 0 0 0 0 0 0 0 0]
 [0 0 1 1 1 1 0 1 0 1 1 1 1 1 0 0 0 1 0 0 0 0 0 0 0 0 0 0 0 0 0]
 [0 0 0 1 1 1 1 0 1 0 1 1 1 1 1 0 0 0 1 0 0 0 0 0 0 0 0 0 0 0 0]
 [1 1 1 1 1 0 1 0 1 0 1 0 1 1 1 0 0 0 0 1 0 0 0 0 0 0 0 0 0 0 0]
 [1 0 0 0 1 0 0 0 1 0 1 0 0 1 1 0 0 0 0 0 1 0 0 0 0 0 0 0 0 0 0]
 [1 0 1 1 0 0 0 1 1 0 1 0 0 0 1 0 0 0 0 0 0 1 0 0 0 0 0 0 0 0 0]
 [1 0 1 0 1 1 0 1 0 0 1 0 0 0 0 0 0 0 0 0 0 0 1 0 0 0 0 0 0 0 0]
 [0 1 0 1 0 1 1 0 1 0 0 1 0 0 0 0 0 0 0 0 0 0 0 1 0 0 0 0 0 0 0]
 [0 0 1 0 1 0 1 1 0 1 0 0 1 0 0 0 0 0 0 0 0 0 0 0 1 0 0 0 0 0 0]
 [0 0 0 1 0 1 0 1 1 0 1 0 0 1 0 0 0 0 0 0 0 0 0 0 0 1 0 0 0 0 0]
 [0 0 0 0 1 0 1 0 1 1 0 1 0 0 1 0 0 0 0 0 0 0 0 0 0 0 1 0 0 0 0]
 [1 1 1 1 0 0 0 0 1 0 0 1 1 0 0 0 0 0 0 0 0 0 0 0 0 0 0 1 0 0 0]
 [0 1 1 1 1 0 0 0 0 1 0 0 1 1 0 0 0 0 0 0 0 0 0 0 0 0 0 0 1 0 0]
 [0 0 1 1 1 1 0 0 0 0 1 0 0 1 1 0 0 0 0 0 0 0 0 0 0 0 0 0 0 1 0]
 [1 1 1 0 1 0 1 1 1 1 1 0 0 0 1 0 0 0 0 0 0 0 0 0 0 0 0 0 0 0 1]]
2023-06-11 18:17:50,693 - __main__ - INFO - Channel statistic analysis:
2023-06-11 18:17:50,693 - __main__ - INFO -   Total codewords: 24
2023-06-11 18:17:50,693 - __main__ - INFO -   Correct codewords: 20
2023-06-11 18:17:50,693 - __main__ - INFO -   Codeword error rate: 0.166667
2023-06-11 18:17:50,693 - __main__ - INFO -     1 error codewords: 3
2023-06-11 18:17:50,693 - __main__ - INFO -     2 error codewords: 1
2023-06-11 18:17:50,693 - __main__ - INFO -     3 error codewords: 0
2023-06-11 18:17:50,693 - __main__ - INFO -     Uncorrectable codewords: 0
2023-06-11 18:17:50,693 - __main__ - INFO - Before correction:
2023-06-11 18:17:50,693 - __main__ - INFO -   Number of correct bits: 374
2023-06-11 18:17:50,693 - __main__ - INFO -   Number of incorrect bits: 2
2023-06-11 18:17:50,693 - __main__ - INFO -   Bit error rate: 0.005319
2023-06-11 18:17:50,694 - __main__ - INFO - After correction (trapping):
2023-06-11 18:17:50,694 - __main__ - INFO -   Number of correct bits: 376
2023-06-11 18:17:50,694 - __main__ - INFO -   Number of incorrect bits: 0
2023-06-11 18:17:50,694 - __main__ - INFO -   Bit error rate: 0.000000
2023-06-11 18:17:50,694 - __main__ - INFO - ***PNG***
2023-06-11 18:17:51,832 - channel - INFO - Generated a (31, 16) cyclic code
2023-06-11 18:17:51,832 - channel - INFO - 3 correctable errors
2023-06-11 18:17:51,832 - channel - INFO - Generator matrix:
[[1 1 1 1 0 1 0 1 1 1 1 1 0 0 0 1 0 0 0 0 0 0 0 0 0 0 0 0 0 0 0]
 [0 1 1 1 1 0 1 0 1 1 1 1 1 0 0 0 1 0 0 0 0 0 0 0 0 0 0 0 0 0 0]
 [0 0 1 1 1 1 0 1 0 1 1 1 1 1 0 0 0 1 0 0 0 0 0 0 0 0 0 0 0 0 0]
 [0 0 0 1 1 1 1 0 1 0 1 1 1 1 1 0 0 0 1 0 0 0 0 0 0 0 0 0 0 0 0]
 [1 1 1 1 1 0 1 0 1 0 1 0 1 1 1 0 0 0 0 1 0 0 0 0 0 0 0 0 0 0 0]
 [1 0 0 0 1 0 0 0 1 0 1 0 0 1 1 0 0 0 0 0 1 0 0 0 0 0 0 0 0 0 0]
 [1 0 1 1 0 0 0 1 1 0 1 0 0 0 1 0 0 0 0 0 0 1 0 0 0 0 0 0 0 0 0]
 [1 0 1 0 1 1 0 1 0 0 1 0 0 0 0 0 0 0 0 0 0 0 1 0 0 0 0 0 0 0 0]
 [0 1 0 1 0 1 1 0 1 0 0 1 0 0 0 0 0 0 0 0 0 0 0 1 0 0 0 0 0 0 0]
 [0 0 1 0 1 0 1 1 0 1 0 0 1 0 0 0 0 0 0 0 0 0 0 0 1 0 0 0 0 0 0]
 [0 0 0 1 0 1 0 1 1 0 1 0 0 1 0 0 0 0 0 0 0 0 0 0 0 1 0 0 0 0 0]
 [0 0 0 0 1 0 1 0 1 1 0 1 0 0 1 0 0 0 0 0 0 0 0 0 0 0 1 0 0 0 0]
 [1 1 1 1 0 0 0 0 1 0 0 1 1 0 0 0 0 0 0 0 0 0 0 0 0 0 0 1 0 0 0]
 [0 1 1 1 1 0 0 0 0 1 0 0 1 1 0 0 0 0 0 0 0 0 0 0 0 0 0 0 1 0 0]
 [0 0 1 1 1 1 0 0 0 0 1 0 0 1 1 0 0 0 0 0 0 0 0 0 0 0 0 0 0 1 0]
 [1 1 1 0 1 0 1 1 1 1 1 0 0 0 1 0 0 0 0 0 0 0 0 0 0 0 0 0 0 0 1]]
2023-06-11 18:17:52,902 - __main__ - INFO - Channel statistic analysis:
2023-06-11 18:17:52,902 - __main__ - INFO -   Total codewords: 1639680
2023-06-11 18:17:52,902 - __main__ - INFO -   Correct codewords: 1200508
2023-06-11 18:17:52,902 - __main__ - INFO -   Codeword error rate: 0.267840
2023-06-11 18:17:52,903 - __main__ - INFO -     1 error codewords: 376090
2023-06-11 18:17:52,903 - __main__ - INFO -     2 error codewords: 57008
2023-06-11 18:17:52,903 - __main__ - INFO -     3 error codewords: 5660
2023-06-11 18:17:52,903 - __main__ - INFO -     Uncorrectable codewords: 414
2023-06-11 18:17:53,728 - __main__ - INFO - Before correction:
2023-06-11 18:17:53,728 - __main__ - INFO -   Number of correct bits: 25972947
2023-06-11 18:17:53,728 - __main__ - INFO -   Number of incorrect bits: 261933
2023-06-11 18:17:53,728 - __main__ - INFO -   Bit error rate: 0.009984
2023-06-11 18:18:19,785 - __main__ - INFO - After correction (trapping):
2023-06-11 18:18:19,785 - __main__ - INFO -   Number of correct bits: 26226788
2023-06-11 18:18:19,785 - __main__ - INFO -   Number of incorrect bits: 8092
2023-06-11 18:18:19,785 - __main__ - INFO -   Bit error rate: 0.000308
2023-06-11 18:18:19,788 - __main__ - INFO - ***WAV***
2023-06-11 18:18:20,925 - channel - INFO - Generated a (31, 16) cyclic code
2023-06-11 18:18:20,925 - channel - INFO - 3 correctable errors
2023-06-11 18:18:20,925 - channel - INFO - Generator matrix:
[[1 1 1 1 0 1 0 1 1 1 1 1 0 0 0 1 0 0 0 0 0 0 0 0 0 0 0 0 0 0 0]
 [0 1 1 1 1 0 1 0 1 1 1 1 1 0 0 0 1 0 0 0 0 0 0 0 0 0 0 0 0 0 0]
 [0 0 1 1 1 1 0 1 0 1 1 1 1 1 0 0 0 1 0 0 0 0 0 0 0 0 0 0 0 0 0]
 [0 0 0 1 1 1 1 0 1 0 1 1 1 1 1 0 0 0 1 0 0 0 0 0 0 0 0 0 0 0 0]
 [1 1 1 1 1 0 1 0 1 0 1 0 1 1 1 0 0 0 0 1 0 0 0 0 0 0 0 0 0 0 0]
 [1 0 0 0 1 0 0 0 1 0 1 0 0 1 1 0 0 0 0 0 1 0 0 0 0 0 0 0 0 0 0]
 [1 0 1 1 0 0 0 1 1 0 1 0 0 0 1 0 0 0 0 0 0 1 0 0 0 0 0 0 0 0 0]
 [1 0 1 0 1 1 0 1 0 0 1 0 0 0 0 0 0 0 0 0 0 0 1 0 0 0 0 0 0 0 0]
 [0 1 0 1 0 1 1 0 1 0 0 1 0 0 0 0 0 0 0 0 0 0 0 1 0 0 0 0 0 0 0]
 [0 0 1 0 1 0 1 1 0 1 0 0 1 0 0 0 0 0 0 0 0 0 0 0 1 0 0 0 0 0 0]
 [0 0 0 1 0 1 0 1 1 0 1 0 0 1 0 0 0 0 0 0 0 0 0 0 0 1 0 0 0 0 0]
 [0 0 0 0 1 0 1 0 1 1 0 1 0 0 1 0 0 0 0 0 0 0 0 0 0 0 1 0 0 0 0]
 [1 1 1 1 0 0 0 0 1 0 0 1 1 0 0 0 0 0 0 0 0 0 0 0 0 0 0 1 0 0 0]
 [0 1 1 1 1 0 0 0 0 1 0 0 1 1 0 0 0 0 0 0 0 0 0 0 0 0 0 0 1 0 0]
 [0 0 1 1 1 1 0 0 0 0 1 0 0 1 1 0 0 0 0 0 0 0 0 0 0 0 0 0 0 1 0]
 [1 1 1 0 1 0 1 1 1 1 1 0 0 0 1 0 0 0 0 0 0 0 0 0 0 0 0 0 0 0 1]]
2023-06-11 18:18:23,230 - __main__ - INFO - Channel statistic analysis:
2023-06-11 18:18:23,230 - __main__ - INFO -   Total codewords: 536474
2023-06-11 18:18:23,230 - __main__ - INFO -   Correct codewords: 392524
2023-06-11 18:18:23,230 - __main__ - INFO -   Codeword error rate: 0.268326
2023-06-11 18:18:23,230 - __main__ - INFO -     1 error codewords: 123215
2023-06-11 18:18:23,230 - __main__ - INFO -     2 error codewords: 18796
2023-06-11 18:18:23,230 - __main__ - INFO -     3 error codewords: 1817
2023-06-11 18:18:23,230 - __main__ - INFO -     Uncorrectable codewords: 122
2023-06-11 18:18:26,223 - __main__ - INFO - Before correction:
2023-06-11 18:18:26,223 - __main__ - INFO -   Number of correct bits: 8496942
2023-06-11 18:18:26,223 - __main__ - INFO -   Number of incorrect bits: 86642
2023-06-11 18:18:26,223 - __main__ - INFO -   Bit error rate: 0.010094
2023-06-11 18:18:36,599 - __main__ - INFO - After correction (trapping):
2023-06-11 18:18:36,599 - __main__ - INFO -   Number of correct bits: 8580953
2023-06-11 18:18:36,599 - __main__ - INFO -   Number of incorrect bits: 2631
2023-06-11 18:18:36,599 - __main__ - INFO -   Bit error rate: 0.000307
