2023-06-11 17:54:15,974 - __main__ - INFO - ***TXT***
2023-06-11 17:54:15,974 - __main__ - INFO - Channel statistic analysis:
2023-06-11 17:54:15,974 - __main__ - INFO -   Total codewords: 94
2023-06-11 17:54:15,974 - __main__ - INFO -   Correct codewords: 88
2023-06-11 17:54:15,974 - __main__ - INFO -   Codeword error rate: 0.063830
2023-06-11 17:54:15,974 - __main__ - INFO -     One error codewords: 6
2023-06-11 17:54:15,974 - __main__ - INFO -     Uncorrectable codewords: 0
2023-06-11 17:54:15,975 - __main__ - INFO - Before correction:
2023-06-11 17:54:15,975 - __main__ - INFO -   Number of correct bits: 372
2023-06-11 17:54:15,975 - __main__ - INFO -   Number of incorrect bits: 4
2023-06-11 17:54:15,975 - __main__ - INFO -   Bit error rate: 0.010638
2023-06-11 17:54:16,016 - __main__ - INFO - After correction:
2023-06-11 17:54:16,016 - __main__ - INFO -   Number of correct bits: 376
2023-06-11 17:54:16,016 - __main__ - INFO -   Number of incorrect bits: 0
2023-06-11 17:54:16,016 - __main__ - INFO -   Bit error rate: 0.000000
2023-06-11 17:54:16,016 - __main__ - INFO - ***PNG***
2023-06-11 17:54:16,861 - __main__ - INFO - Channel statistic analysis:
2023-06-11 17:54:16,861 - __main__ - INFO -   Total codewords: 6558720
2023-06-11 17:54:16,861 - __main__ - INFO -   Correct codewords: 6113686
2023-06-11 17:54:16,861 - __main__ - INFO -   Codeword error rate: 0.067854
2023-06-11 17:54:16,861 - __main__ - INFO -     One error codewords: 431981
2023-06-11 17:54:16,861 - __main__ - INFO -     Uncorrectable codewords: 13053
2023-06-11 17:54:17,564 - __main__ - INFO - Before correction:
2023-06-11 17:54:17,565 - __main__ - INFO -   Number of correct bits: 25973102
2023-06-11 17:54:17,565 - __main__ - INFO -   Number of incorrect bits: 261778
2023-06-11 17:54:17,565 - __main__ - INFO -   Bit error rate: 0.009978
2023-06-11 17:54:30,597 - __main__ - INFO - After correction:
2023-06-11 17:54:30,597 - __main__ - INFO -   Number of correct bits: 26212419
2023-06-11 17:54:30,597 - __main__ - INFO -   Number of incorrect bits: 22461
2023-06-11 17:54:30,597 - __main__ - INFO -   Bit error rate: 0.000856
2023-06-11 17:54:30,601 - __main__ - INFO - ***WAV***
2023-06-11 17:54:32,812 - __main__ - INFO - Channel statistic analysis:
2023-06-11 17:54:32,812 - __main__ - INFO -   Total codewords: 2145896
2023-06-11 17:54:32,812 - __main__ - INFO -   Correct codewords: 2000385
2023-06-11 17:54:32,812 - __main__ - INFO -   Codeword error rate: 0.067809
2023-06-11 17:54:32,812 - __main__ - INFO -     One error codewords: 141137
2023-06-11 17:54:32,812 - __main__ - INFO -     Uncorrectable codewords: 4374
2023-06-11 17:54:35,727 - __main__ - INFO - Before correction:
2023-06-11 17:54:35,727 - __main__ - INFO -   Number of correct bits: 8497569
2023-06-11 17:54:35,727 - __main__ - INFO -   Number of incorrect bits: 86015
2023-06-11 17:54:35,727 - __main__ - INFO -   Bit error rate: 0.010021
2023-06-11 17:54:41,760 - __main__ - INFO - After correction:
2023-06-11 17:54:41,760 - __main__ - INFO -   Number of correct bits: 8576040
2023-06-11 17:54:41,760 - __main__ - INFO -   Number of incorrect bits: 7544
2023-06-11 17:54:41,760 - __main__ - INFO -   Bit error rate: 0.000879
