2023-06-11 17:33:44,882 - __main__ - INFO - ***TXT***
2023-06-11 17:33:48,805 - channel - INFO - Generated a (127, 120) cyclic code
2023-06-11 17:33:48,805 - channel - INFO - 1 correctable errors
2023-06-11 17:33:48,805 - channel - INFO - Generator matrix:
[[1 1 0 ... 0 0 0]
 [0 1 1 ... 0 0 0]
 [0 0 1 ... 0 0 0]
 ...
 [1 0 0 ... 1 0 0]
 [1 0 0 ... 0 1 0]
 [1 0 0 ... 0 0 1]]
2023-06-11 17:33:48,806 - __main__ - INFO - Channel statistic analysis:
2023-06-11 17:33:48,806 - __main__ - INFO -   Total codewords: 4
2023-06-11 17:33:48,806 - __main__ - INFO -   Correct codewords: 1
2023-06-11 17:33:48,806 - __main__ - INFO -   Codeword error rate: 0.750000
2023-06-11 17:33:48,806 - __main__ - INFO -     1 error codewords: 2
2023-06-11 17:33:48,806 - __main__ - INFO -     Uncorrectable codewords: 1
2023-06-11 17:33:48,806 - __main__ - INFO - Before correction:
2023-06-11 17:33:48,806 - __main__ - INFO -   Number of correct bits: 372
2023-06-11 17:33:48,806 - __main__ - INFO -   Number of incorrect bits: 4
2023-06-11 17:33:48,806 - __main__ - INFO -   Bit error rate: 0.010638
2023-06-11 17:33:48,806 - __main__ - INFO - After correction (syndrome):
2023-06-11 17:33:48,806 - __main__ - INFO -   Number of correct bits: 373
2023-06-11 17:33:48,806 - __main__ - INFO -   Number of incorrect bits: 3
2023-06-11 17:33:48,806 - __main__ - INFO -   Bit error rate: 0.007979
2023-06-11 17:33:48,806 - __main__ - INFO - ***PNG***
2023-06-11 17:33:52,616 - channel - INFO - Generated a (127, 120) cyclic code
2023-06-11 17:33:52,616 - channel - INFO - 1 correctable errors
2023-06-11 17:33:52,616 - channel - INFO - Generator matrix:
[[1 1 0 ... 0 0 0]
 [0 1 1 ... 0 0 0]
 [0 0 1 ... 0 0 0]
 ...
 [1 0 0 ... 1 0 0]
 [1 0 0 ... 0 1 0]
 [1 0 0 ... 0 0 1]]
2023-06-11 17:33:54,198 - __main__ - INFO - Channel statistic analysis:
2023-06-11 17:33:54,198 - __main__ - INFO -   Total codewords: 218624
2023-06-11 17:33:54,198 - __main__ - INFO -   Correct codewords: 61014
2023-06-11 17:33:54,198 - __main__ - INFO -   Codeword error rate: 0.720918
2023-06-11 17:33:54,198 - __main__ - INFO -     1 error codewords: 78124
2023-06-11 17:33:54,198 - __main__ - INFO -     Uncorrectable codewords: 79486
2023-06-11 17:33:54,728 - __main__ - INFO - Before correction:
2023-06-11 17:33:54,728 - __main__ - INFO -   Number of correct bits: 25972620
2023-06-11 17:33:54,728 - __main__ - INFO -   Number of incorrect bits: 262260
2023-06-11 17:33:54,728 - __main__ - INFO -   Bit error rate: 0.009997
2023-06-11 17:33:56,027 - __main__ - INFO - After correction (syndrome):
2023-06-11 17:33:56,027 - __main__ - INFO -   Number of correct bits: 25971970
2023-06-11 17:33:56,027 - __main__ - INFO -   Number of incorrect bits: 262910
2023-06-11 17:33:56,027 - __main__ - INFO -   Bit error rate: 0.010021
2023-06-11 17:33:56,029 - __main__ - INFO - ***WAV***
2023-06-11 17:33:59,840 - channel - INFO - Generated a (127, 120) cyclic code
2023-06-11 17:33:59,840 - channel - INFO - 1 correctable errors
2023-06-11 17:33:59,841 - channel - INFO - Generator matrix:
[[1 1 0 ... 0 0 0]
 [0 1 1 ... 0 0 0]
 [0 0 1 ... 0 0 0]
 ...
 [1 0 0 ... 1 0 0]
 [1 0 0 ... 0 1 0]
 [1 0 0 ... 0 0 1]]
2023-06-11 17:34:02,316 - __main__ - INFO - Channel statistic analysis:
2023-06-11 17:34:02,317 - __main__ - INFO -   Total codewords: 71530
2023-06-11 17:34:02,317 - __main__ - INFO -   Correct codewords: 19879
2023-06-11 17:34:02,317 - __main__ - INFO -   Codeword error rate: 0.722089
2023-06-11 17:34:02,317 - __main__ - INFO -     1 error codewords: 25798
2023-06-11 17:34:02,317 - __main__ - INFO -     Uncorrectable codewords: 25853
2023-06-11 17:34:05,184 - __main__ - INFO - Before correction:
2023-06-11 17:34:05,185 - __main__ - INFO -   Number of correct bits: 8497764
2023-06-11 17:34:05,185 - __main__ - INFO -   Number of incorrect bits: 85820
2023-06-11 17:34:05,185 - __main__ - INFO -   Bit error rate: 0.009998
2023-06-11 17:34:08,327 - __main__ - INFO - After correction (syndrome):
2023-06-11 17:34:08,327 - __main__ - INFO -   Number of correct bits: 8497985
2023-06-11 17:34:08,327 - __main__ - INFO -   Number of incorrect bits: 85599
2023-06-11 17:34:08,327 - __main__ - INFO -   Bit error rate: 0.009972
2023-06-11 17:45:10,364 - __main__ - INFO - ***TXT***
2023-06-11 17:45:14,266 - channel - INFO - Generated a (127, 120) cyclic code
2023-06-11 17:45:14,266 - channel - INFO - 1 correctable errors
2023-06-11 17:45:14,266 - channel - INFO - Generator matrix:
[[1 1 0 ... 0 0 0]
 [0 1 1 ... 0 0 0]
 [0 0 1 ... 0 0 0]
 ...
 [1 0 0 ... 1 0 0]
 [1 0 0 ... 0 1 0]
 [1 0 0 ... 0 0 1]]
2023-06-11 17:45:14,266 - __main__ - INFO - Channel statistic analysis:
2023-06-11 17:45:14,266 - __main__ - INFO -   Total codewords: 4
2023-06-11 17:45:14,266 - __main__ - INFO -   Correct codewords: 2
2023-06-11 17:45:14,266 - __main__ - INFO -   Codeword error rate: 0.500000
2023-06-11 17:45:14,266 - __main__ - INFO -     1 error codewords: 2
2023-06-11 17:45:14,266 - __main__ - INFO -     Uncorrectable codewords: 0
2023-06-11 17:45:14,266 - __main__ - INFO - Before correction:
2023-06-11 17:45:14,266 - __main__ - INFO -   Number of correct bits: 374
2023-06-11 17:45:14,266 - __main__ - INFO -   Number of incorrect bits: 2
2023-06-11 17:45:14,266 - __main__ - INFO -   Bit error rate: 0.005319
2023-06-11 17:45:14,267 - __main__ - INFO - After correction (trapping):
2023-06-11 17:45:14,267 - __main__ - INFO -   Number of correct bits: 376
2023-06-11 17:45:14,267 - __main__ - INFO -   Number of incorrect bits: 0
2023-06-11 17:45:14,267 - __main__ - INFO -   Bit error rate: 0.000000
2023-06-11 17:45:14,267 - __main__ - INFO - ***PNG***
2023-06-11 17:45:18,080 - channel - INFO - Generated a (127, 120) cyclic code
2023-06-11 17:45:18,081 - channel - INFO - 1 correctable errors
2023-06-11 17:45:18,081 - channel - INFO - Generator matrix:
[[1 1 0 ... 0 0 0]
 [0 1 1 ... 0 0 0]
 [0 0 1 ... 0 0 0]
 ...
 [1 0 0 ... 1 0 0]
 [1 0 0 ... 0 1 0]
 [1 0 0 ... 0 0 1]]
2023-06-11 17:45:19,662 - __main__ - INFO - Channel statistic analysis:
2023-06-11 17:45:19,662 - __main__ - INFO -   Total codewords: 218624
2023-06-11 17:45:19,662 - __main__ - INFO -   Correct codewords: 60934
2023-06-11 17:45:19,662 - __main__ - INFO -   Codeword error rate: 0.721284
2023-06-11 17:45:19,662 - __main__ - INFO -     1 error codewords: 78491
2023-06-11 17:45:19,662 - __main__ - INFO -     Uncorrectable codewords: 79199
2023-06-11 17:45:20,187 - __main__ - INFO - Before correction:
2023-06-11 17:45:20,187 - __main__ - INFO -   Number of correct bits: 25972564
2023-06-11 17:45:20,187 - __main__ - INFO -   Number of incorrect bits: 262316
2023-06-11 17:45:20,187 - __main__ - INFO -   Bit error rate: 0.009999
2023-06-11 17:46:31,891 - __main__ - INFO - After correction (trapping):
2023-06-11 17:46:31,891 - __main__ - INFO -   Number of correct bits: 25972737
2023-06-11 17:46:31,891 - __main__ - INFO -   Number of incorrect bits: 262143
2023-06-11 17:46:31,891 - __main__ - INFO -   Bit error rate: 0.009992
2023-06-11 17:46:31,894 - __main__ - INFO - ***WAV***
2023-06-11 17:46:35,706 - channel - INFO - Generated a (127, 120) cyclic code
2023-06-11 17:46:35,706 - channel - INFO - 1 correctable errors
2023-06-11 17:46:35,706 - channel - INFO - Generator matrix:
[[1 1 0 ... 0 0 0]
 [0 1 1 ... 0 0 0]
 [0 0 1 ... 0 0 0]
 ...
 [1 0 0 ... 1 0 0]
 [1 0 0 ... 0 1 0]
 [1 0 0 ... 0 0 1]]
2023-06-11 17:46:38,196 - __main__ - INFO - Channel statistic analysis:
2023-06-11 17:46:38,196 - __main__ - INFO -   Total codewords: 71530
2023-06-11 17:46:38,196 - __main__ - INFO -   Correct codewords: 20039
2023-06-11 17:46:38,196 - __main__ - INFO -   Codeword error rate: 0.719852
2023-06-11 17:46:38,196 - __main__ - INFO -     1 error codewords: 25583
2023-06-11 17:46:38,196 - __main__ - INFO -     Uncorrectable codewords: 25908
2023-06-11 17:46:41,048 - __main__ - INFO - Before correction:
2023-06-11 17:46:41,048 - __main__ - INFO -   Number of correct bits: 8497801
2023-06-11 17:46:41,048 - __main__ - INFO -   Number of incorrect bits: 85783
2023-06-11 17:46:41,048 - __main__ - INFO -   Bit error rate: 0.009994
2023-06-11 17:47:07,475 - __main__ - INFO - After correction (trapping):
2023-06-11 17:47:07,475 - __main__ - INFO -   Number of correct bits: 8497764
2023-06-11 17:47:07,475 - __main__ - INFO -   Number of incorrect bits: 85820
2023-06-11 17:47:07,475 - __main__ - INFO -   Bit error rate: 0.009998
