2023-06-11 18:16:42,220 - __main__ - INFO - ***TXT***
2023-06-11 18:16:43,052 - channel - INFO - Generated a (31, 21) cyclic code
2023-06-11 18:16:43,052 - channel - INFO - 2 correctable errors
2023-06-11 18:16:43,052 - channel - INFO - Generator matrix:
[[1 0 0 0 1 1 1 0 0 0 1 0 0 0 0 0 0 0 0 0 0 0 0 0 0 0 0 0 0 0 0]
 [0 1 0 0 0 1 1 1 0 0 0 1 0 0 0 0 0 0 0 0 0 0 0 0 0 0 0 0 0 0 0]
 [0 0 1 0 0 0 1 1 1 0 0 0 1 0 0 0 0 0 0 0 0 0 0 0 0 0 0 0 0 0 0]
 [0 0 0 1 0 0 0 1 1 1 0 0 0 1 0 0 0 0 0 0 0 0 0 0 0 0 0 0 0 0 0]
 [1 0 0 0 0 1 1 0 1 1 0 0 0 0 1 0 0 0 0 0 0 0 0 0 0 0 0 0 0 0 0]
 [1 1 0 0 1 1 0 1 0 1 0 0 0 0 0 1 0 0 0 0 0 0 0 0 0 0 0 0 0 0 0]
 [1 1 1 0 1 0 0 0 1 0 0 0 0 0 0 0 1 0 0 0 0 0 0 0 0 0 0 0 0 0 0]
 [0 1 1 1 0 1 0 0 0 1 0 0 0 0 0 0 0 1 0 0 0 0 0 0 0 0 0 0 0 0 0]
 [1 0 1 1 0 1 0 0 0 0 0 0 0 0 0 0 0 0 1 0 0 0 0 0 0 0 0 0 0 0 0]
 [0 1 0 1 1 0 1 0 0 0 0 0 0 0 0 0 0 0 0 1 0 0 0 0 0 0 0 0 0 0 0]
 [0 0 1 0 1 1 0 1 0 0 0 0 0 0 0 0 0 0 0 0 1 0 0 0 0 0 0 0 0 0 0]
 [0 0 0 1 0 1 1 0 1 0 0 0 0 0 0 0 0 0 0 0 0 1 0 0 0 0 0 0 0 0 0]
 [0 0 0 0 1 0 1 1 0 1 0 0 0 0 0 0 0 0 0 0 0 0 1 0 0 0 0 0 0 0 0]
 [1 0 0 0 1 0 1 1 1 0 0 0 0 0 0 0 0 0 0 0 0 0 0 1 0 0 0 0 0 0 0]
 [0 1 0 0 0 1 0 1 1 1 0 0 0 0 0 0 0 0 0 0 0 0 0 0 1 0 0 0 0 0 0]
 [1 0 1 0 1 1 0 0 1 1 0 0 0 0 0 0 0 0 0 0 0 0 0 0 0 1 0 0 0 0 0]
 [1 1 0 1 1 0 0 0 0 1 0 0 0 0 0 0 0 0 0 0 0 0 0 0 0 0 1 0 0 0 0]
 [1 1 1 0 0 0 1 0 0 0 0 0 0 0 0 0 0 0 0 0 0 0 0 0 0 0 0 1 0 0 0]
 [0 1 1 1 0 0 0 1 0 0 0 0 0 0 0 0 0 0 0 0 0 0 0 0 0 0 0 0 1 0 0]
 [0 0 1 1 1 0 0 0 1 0 0 0 0 0 0 0 0 0 0 0 0 0 0 0 0 0 0 0 0 1 0]
 [0 0 0 1 1 1 0 0 0 1 0 0 0 0 0 0 0 0 0 0 0 0 0 0 0 0 0 0 0 0 1]]
2023-06-11 18:16:43,053 - __main__ - INFO - Channel statistic analysis:
2023-06-11 18:16:43,053 - __main__ - INFO -   Total codewords: 18
2023-06-11 18:16:43,053 - __main__ - INFO -   Correct codewords: 14
2023-06-11 18:16:43,053 - __main__ - INFO -   Codeword error rate: 0.222222
2023-06-11 18:16:43,053 - __main__ - INFO -     1 error codewords: 4
2023-06-11 18:16:43,053 - __main__ - INFO -     2 error codewords: 0
2023-06-11 18:16:43,053 - __main__ - INFO -     Uncorrectable codewords: 0
2023-06-11 18:16:43,053 - __main__ - INFO - Before correction:
2023-06-11 18:16:43,053 - __main__ - INFO -   Number of correct bits: 374
2023-06-11 18:16:43,053 - __main__ - INFO -   Number of incorrect bits: 2
2023-06-11 18:16:43,053 - __main__ - INFO -   Bit error rate: 0.005319
2023-06-11 18:16:43,054 - __main__ - INFO - After correction (trapping):
2023-06-11 18:16:43,054 - __main__ - INFO -   Number of correct bits: 376
2023-06-11 18:16:43,054 - __main__ - INFO -   Number of incorrect bits: 0
2023-06-11 18:16:43,054 - __main__ - INFO -   Bit error rate: 0.000000
2023-06-11 18:16:43,054 - __main__ - INFO - ***PNG***
2023-06-11 18:16:43,850 - channel - INFO - Generated a (31, 21) cyclic code
2023-06-11 18:16:43,850 - channel - INFO - 2 correctable errors
2023-06-11 18:16:43,850 - channel - INFO - Generator matrix:
[[1 0 0 0 1 1 1 0 0 0 1 0 0 0 0 0 0 0 0 0 0 0 0 0 0 0 0 0 0 0 0]
 [0 1 0 0 0 1 1 1 0 0 0 1 0 0 0 0 0 0 0 0 0 0 0 0 0 0 0 0 0 0 0]
 [0 0 1 0 0 0 1 1 1 0 0 0 1 0 0 0 0 0 0 0 0 0 0 0 0 0 0 0 0 0 0]
 [0 0 0 1 0 0 0 1 1 1 0 0 0 1 0 0 0 0 0 0 0 0 0 0 0 0 0 0 0 0 0]
 [1 0 0 0 0 1 1 0 1 1 0 0 0 0 1 0 0 0 0 0 0 0 0 0 0 0 0 0 0 0 0]
 [1 1 0 0 1 1 0 1 0 1 0 0 0 0 0 1 0 0 0 0 0 0 0 0 0 0 0 0 0 0 0]
 [1 1 1 0 1 0 0 0 1 0 0 0 0 0 0 0 1 0 0 0 0 0 0 0 0 0 0 0 0 0 0]
 [0 1 1 1 0 1 0 0 0 1 0 0 0 0 0 0 0 1 0 0 0 0 0 0 0 0 0 0 0 0 0]
 [1 0 1 1 0 1 0 0 0 0 0 0 0 0 0 0 0 0 1 0 0 0 0 0 0 0 0 0 0 0 0]
 [0 1 0 1 1 0 1 0 0 0 0 0 0 0 0 0 0 0 0 1 0 0 0 0 0 0 0 0 0 0 0]
 [0 0 1 0 1 1 0 1 0 0 0 0 0 0 0 0 0 0 0 0 1 0 0 0 0 0 0 0 0 0 0]
 [0 0 0 1 0 1 1 0 1 0 0 0 0 0 0 0 0 0 0 0 0 1 0 0 0 0 0 0 0 0 0]
 [0 0 0 0 1 0 1 1 0 1 0 0 0 0 0 0 0 0 0 0 0 0 1 0 0 0 0 0 0 0 0]
 [1 0 0 0 1 0 1 1 1 0 0 0 0 0 0 0 0 0 0 0 0 0 0 1 0 0 0 0 0 0 0]
 [0 1 0 0 0 1 0 1 1 1 0 0 0 0 0 0 0 0 0 0 0 0 0 0 1 0 0 0 0 0 0]
 [1 0 1 0 1 1 0 0 1 1 0 0 0 0 0 0 0 0 0 0 0 0 0 0 0 1 0 0 0 0 0]
 [1 1 0 1 1 0 0 0 0 1 0 0 0 0 0 0 0 0 0 0 0 0 0 0 0 0 1 0 0 0 0]
 [1 1 1 0 0 0 1 0 0 0 0 0 0 0 0 0 0 0 0 0 0 0 0 0 0 0 0 1 0 0 0]
 [0 1 1 1 0 0 0 1 0 0 0 0 0 0 0 0 0 0 0 0 0 0 0 0 0 0 0 0 1 0 0]
 [0 0 1 1 1 0 0 0 1 0 0 0 0 0 0 0 0 0 0 0 0 0 0 0 0 0 0 0 0 1 0]
 [0 0 0 1 1 1 0 0 0 1 0 0 0 0 0 0 0 0 0 0 0 0 0 0 0 0 0 0 0 0 1]]
2023-06-11 18:16:44,679 - __main__ - INFO - Channel statistic analysis:
2023-06-11 18:16:44,679 - __main__ - INFO -   Total codewords: 1249280
2023-06-11 18:16:44,679 - __main__ - INFO -   Correct codewords: 915266
2023-06-11 18:16:44,679 - __main__ - INFO -   Codeword error rate: 0.267365
2023-06-11 18:16:44,679 - __main__ - INFO -     1 error codewords: 285951
2023-06-11 18:16:44,679 - __main__ - INFO -     2 error codewords: 43530
2023-06-11 18:16:44,679 - __main__ - INFO -     Uncorrectable codewords: 4533
2023-06-11 18:16:45,330 - __main__ - INFO - Before correction:
2023-06-11 18:16:45,330 - __main__ - INFO -   Number of correct bits: 25972154
2023-06-11 18:16:45,330 - __main__ - INFO -   Number of incorrect bits: 262726
2023-06-11 18:16:45,330 - __main__ - INFO -   Bit error rate: 0.010014
2023-06-11 18:17:14,348 - __main__ - INFO - After correction (trapping):
2023-06-11 18:17:14,349 - __main__ - INFO -   Number of correct bits: 26199650
2023-06-11 18:17:14,349 - __main__ - INFO -   Number of incorrect bits: 35230
2023-06-11 18:17:14,349 - __main__ - INFO -   Bit error rate: 0.001343
2023-06-11 18:17:14,351 - __main__ - INFO - ***WAV***
2023-06-11 18:17:15,145 - channel - INFO - Generated a (31, 21) cyclic code
2023-06-11 18:17:15,146 - channel - INFO - 2 correctable errors
2023-06-11 18:17:15,146 - channel - INFO - Generator matrix:
[[1 0 0 0 1 1 1 0 0 0 1 0 0 0 0 0 0 0 0 0 0 0 0 0 0 0 0 0 0 0 0]
 [0 1 0 0 0 1 1 1 0 0 0 1 0 0 0 0 0 0 0 0 0 0 0 0 0 0 0 0 0 0 0]
 [0 0 1 0 0 0 1 1 1 0 0 0 1 0 0 0 0 0 0 0 0 0 0 0 0 0 0 0 0 0 0]
 [0 0 0 1 0 0 0 1 1 1 0 0 0 1 0 0 0 0 0 0 0 0 0 0 0 0 0 0 0 0 0]
 [1 0 0 0 0 1 1 0 1 1 0 0 0 0 1 0 0 0 0 0 0 0 0 0 0 0 0 0 0 0 0]
 [1 1 0 0 1 1 0 1 0 1 0 0 0 0 0 1 0 0 0 0 0 0 0 0 0 0 0 0 0 0 0]
 [1 1 1 0 1 0 0 0 1 0 0 0 0 0 0 0 1 0 0 0 0 0 0 0 0 0 0 0 0 0 0]
 [0 1 1 1 0 1 0 0 0 1 0 0 0 0 0 0 0 1 0 0 0 0 0 0 0 0 0 0 0 0 0]
 [1 0 1 1 0 1 0 0 0 0 0 0 0 0 0 0 0 0 1 0 0 0 0 0 0 0 0 0 0 0 0]
 [0 1 0 1 1 0 1 0 0 0 0 0 0 0 0 0 0 0 0 1 0 0 0 0 0 0 0 0 0 0 0]
 [0 0 1 0 1 1 0 1 0 0 0 0 0 0 0 0 0 0 0 0 1 0 0 0 0 0 0 0 0 0 0]
 [0 0 0 1 0 1 1 0 1 0 0 0 0 0 0 0 0 0 0 0 0 1 0 0 0 0 0 0 0 0 0]
 [0 0 0 0 1 0 1 1 0 1 0 0 0 0 0 0 0 0 0 0 0 0 1 0 0 0 0 0 0 0 0]
 [1 0 0 0 1 0 1 1 1 0 0 0 0 0 0 0 0 0 0 0 0 0 0 1 0 0 0 0 0 0 0]
 [0 1 0 0 0 1 0 1 1 1 0 0 0 0 0 0 0 0 0 0 0 0 0 0 1 0 0 0 0 0 0]
 [1 0 1 0 1 1 0 0 1 1 0 0 0 0 0 0 0 0 0 0 0 0 0 0 0 1 0 0 0 0 0]
 [1 1 0 1 1 0 0 0 0 1 0 0 0 0 0 0 0 0 0 0 0 0 0 0 0 0 1 0 0 0 0]
 [1 1 1 0 0 0 1 0 0 0 0 0 0 0 0 0 0 0 0 0 0 0 0 0 0 0 0 1 0 0 0]
 [0 1 1 1 0 0 0 1 0 0 0 0 0 0 0 0 0 0 0 0 0 0 0 0 0 0 0 0 1 0 0]
 [0 0 1 1 1 0 0 0 1 0 0 0 0 0 0 0 0 0 0 0 0 0 0 0 0 0 0 0 0 1 0]
 [0 0 0 1 1 1 0 0 0 1 0 0 0 0 0 0 0 0 0 0 0 0 0 0 0 0 0 0 0 0 1]]
2023-06-11 18:17:17,380 - __main__ - INFO - Channel statistic analysis:
2023-06-11 18:17:17,380 - __main__ - INFO -   Total codewords: 408743
2023-06-11 18:17:17,380 - __main__ - INFO -   Correct codewords: 299128
2023-06-11 18:17:17,380 - __main__ - INFO -   Codeword error rate: 0.268176
2023-06-11 18:17:17,380 - __main__ - INFO -     1 error codewords: 93799
2023-06-11 18:17:17,380 - __main__ - INFO -     2 error codewords: 14385
2023-06-11 18:17:17,380 - __main__ - INFO -     Uncorrectable codewords: 1431
2023-06-11 18:17:20,312 - __main__ - INFO - Before correction:
2023-06-11 18:17:20,312 - __main__ - INFO -   Number of correct bits: 8497593
2023-06-11 18:17:20,312 - __main__ - INFO -   Number of incorrect bits: 85991
2023-06-11 18:17:20,312 - __main__ - INFO -   Bit error rate: 0.010018
2023-06-11 18:17:31,773 - __main__ - INFO - After correction (trapping):
2023-06-11 18:17:31,773 - __main__ - INFO -   Number of correct bits: 8572224
2023-06-11 18:17:31,773 - __main__ - INFO -   Number of incorrect bits: 11360
2023-06-11 18:17:31,773 - __main__ - INFO -   Bit error rate: 0.001323
