2023-06-10 22:17:30,751 - __main__ - INFO - ***TXT***
2023-06-10 22:17:30,752 - __main__ - INFO - Channel statistic analysis:
2023-06-10 22:17:30,752 - __main__ - INFO -   Total codewords: 94
2023-06-10 22:17:30,752 - __main__ - INFO -   Correct codewords: 88
2023-06-10 22:17:30,752 - __main__ - INFO -   Codeword error rate: 0.063830
2023-06-10 22:17:30,752 - __main__ - INFO -     One error codewords: 6
2023-06-10 22:17:30,752 - __main__ - INFO -     Uncorrectable codewords: 0
2023-06-10 22:17:30,752 - __main__ - INFO - Before correction:
2023-06-10 22:17:30,752 - __main__ - INFO -   Number of correct bits: 373
2023-06-10 22:17:30,752 - __main__ - INFO -   Number of incorrect bits: 3
2023-06-10 22:17:30,752 - __main__ - INFO -   Bit error rate: 0.007979
2023-06-10 22:17:30,752 - __main__ - INFO - After correction:
2023-06-10 22:17:30,752 - __main__ - INFO -   Number of correct bits: 376
2023-06-10 22:17:30,752 - __main__ - INFO -   Number of incorrect bits: 0
2023-06-10 22:17:30,752 - __main__ - INFO -   Bit error rate: 0.000000
2023-06-10 22:17:30,752 - __main__ - INFO - ***PNG***
2023-06-10 22:17:31,646 - __main__ - INFO - Channel statistic analysis:
2023-06-10 22:17:31,646 - __main__ - INFO -   Total codewords: 6558720
2023-06-10 22:17:31,646 - __main__ - INFO -   Correct codewords: 6113186
2023-06-10 22:17:31,646 - __main__ - INFO -   Codeword error rate: 0.067930
2023-06-10 22:17:31,646 - __main__ - INFO -     One error codewords: 432135
2023-06-10 22:17:31,646 - __main__ - INFO -     Uncorrectable codewords: 13399
2023-06-10 22:17:32,349 - __main__ - INFO - Before correction:
2023-06-10 22:17:32,349 - __main__ - INFO -   Number of correct bits: 25973002
2023-06-10 22:17:32,350 - __main__ - INFO -   Number of incorrect bits: 261878
2023-06-10 22:17:32,350 - __main__ - INFO -   Bit error rate: 0.009982
2023-06-10 22:17:45,329 - __main__ - INFO - After correction:
2023-06-10 22:17:45,329 - __main__ - INFO -   Number of correct bits: 26211811
2023-06-10 22:17:45,329 - __main__ - INFO -   Number of incorrect bits: 23069
2023-06-10 22:17:45,329 - __main__ - INFO -   Bit error rate: 0.000879
2023-06-10 22:17:45,332 - __main__ - INFO - ***WAV***
2023-06-10 22:17:47,546 - __main__ - INFO - Channel statistic analysis:
2023-06-10 22:17:47,546 - __main__ - INFO -   Total codewords: 2145896
2023-06-10 22:17:47,546 - __main__ - INFO -   Correct codewords: 2000150
2023-06-10 22:17:47,546 - __main__ - INFO -   Codeword error rate: 0.067918
2023-06-10 22:17:47,546 - __main__ - INFO -     One error codewords: 141352
2023-06-10 22:17:47,546 - __main__ - INFO -     Uncorrectable codewords: 4394
2023-06-10 22:17:50,501 - __main__ - INFO - Before correction:
2023-06-10 22:17:50,501 - __main__ - INFO -   Number of correct bits: 8497599
2023-06-10 22:17:50,501 - __main__ - INFO -   Number of incorrect bits: 85985
2023-06-10 22:17:50,501 - __main__ - INFO -   Bit error rate: 0.010017
2023-06-10 22:17:56,588 - __main__ - INFO - After correction:
2023-06-10 22:17:56,588 - __main__ - INFO -   Number of correct bits: 8576058
2023-06-10 22:17:56,588 - __main__ - INFO -   Number of incorrect bits: 7526
2023-06-10 22:17:56,588 - __main__ - INFO -   Bit error rate: 0.000877
