2023-06-11 14:55:04,746 - __main__ - INFO - ***TXT***
2023-06-11 14:55:04,747 - channel - INFO - Generated a (15, 11) cyclic code
2023-06-11 14:55:04,747 - channel - INFO - 1 correctable errors
2023-06-11 14:55:04,747 - channel - INFO - Generator matrix:
[[1 1 0 0 1 0 0 0 0 0 0 0 0 0 0]
 [0 1 1 0 0 1 0 0 0 0 0 0 0 0 0]
 [0 0 1 1 0 0 1 0 0 0 0 0 0 0 0]
 [1 1 0 1 0 0 0 1 0 0 0 0 0 0 0]
 [1 0 1 0 0 0 0 0 1 0 0 0 0 0 0]
 [0 1 0 1 0 0 0 0 0 1 0 0 0 0 0]
 [1 1 1 0 0 0 0 0 0 0 1 0 0 0 0]
 [0 1 1 1 0 0 0 0 0 0 0 1 0 0 0]
 [1 1 1 1 0 0 0 0 0 0 0 0 1 0 0]
 [1 0 1 1 0 0 0 0 0 0 0 0 0 1 0]
 [1 0 0 1 0 0 0 0 0 0 0 0 0 0 1]]
2023-06-11 14:55:04,747 - __main__ - INFO - Channel statistic analysis:
2023-06-11 14:55:04,748 - __main__ - INFO -   Total codewords: 35
2023-06-11 14:55:04,748 - __main__ - INFO -   Correct codewords: 35
2023-06-11 14:55:04,748 - __main__ - INFO -   Codeword error rate: 0.000000
2023-06-11 14:55:04,748 - __main__ - INFO -     1 error codewords: 0
2023-06-11 14:55:04,748 - __main__ - INFO -     Uncorrectable codewords: 0
2023-06-11 14:55:04,748 - __main__ - INFO - Before correction:
2023-06-11 14:55:04,748 - __main__ - INFO -   Number of correct bits: 376
2023-06-11 14:55:04,748 - __main__ - INFO -   Number of incorrect bits: 0
2023-06-11 14:55:04,748 - __main__ - INFO -   Bit error rate: 0.000000
2023-06-11 14:55:04,748 - __main__ - INFO - After correction (syndrome):
2023-06-11 14:55:04,748 - __main__ - INFO -   Number of correct bits: 376
2023-06-11 14:55:04,748 - __main__ - INFO -   Number of incorrect bits: 0
2023-06-11 14:55:04,748 - __main__ - INFO -   Bit error rate: 0.000000
2023-06-11 14:55:04,748 - __main__ - INFO - ***PNG***
2023-06-11 14:55:04,749 - channel - INFO - Generated a (15, 11) cyclic code
2023-06-11 14:55:04,749 - channel - INFO - 1 correctable errors
2023-06-11 14:55:04,749 - channel - INFO - Generator matrix:
[[1 1 0 0 1 0 0 0 0 0 0 0 0 0 0]
 [0 1 1 0 0 1 0 0 0 0 0 0 0 0 0]
 [0 0 1 1 0 0 1 0 0 0 0 0 0 0 0]
 [1 1 0 1 0 0 0 1 0 0 0 0 0 0 0]
 [1 0 1 0 0 0 0 0 1 0 0 0 0 0 0]
 [0 1 0 1 0 0 0 0 0 1 0 0 0 0 0]
 [1 1 1 0 0 0 0 0 0 0 1 0 0 0 0]
 [0 1 1 1 0 0 0 0 0 0 0 1 0 0 0]
 [1 1 1 1 0 0 0 0 0 0 0 0 1 0 0]
 [1 0 1 1 0 0 0 0 0 0 0 0 0 1 0]
 [1 0 0 1 0 0 0 0 0 0 0 0 0 0 1]]
2023-06-11 14:55:05,490 - __main__ - INFO - Channel statistic analysis:
2023-06-11 14:55:05,490 - __main__ - INFO -   Total codewords: 2384990
2023-06-11 14:55:05,490 - __main__ - INFO -   Correct codewords: 2052159
2023-06-11 14:55:05,490 - __main__ - INFO -   Codeword error rate: 0.139552
2023-06-11 14:55:05,490 - __main__ - INFO -     1 error codewords: 309880
2023-06-11 14:55:05,490 - __main__ - INFO -     Uncorrectable codewords: 22951
2023-06-11 14:55:06,068 - __main__ - INFO - Before correction:
2023-06-11 14:55:06,068 - __main__ - INFO -   Number of correct bits: 25972931
2023-06-11 14:55:06,068 - __main__ - INFO -   Number of incorrect bits: 261949
2023-06-11 14:55:06,068 - __main__ - INFO -   Bit error rate: 0.009985
2023-06-11 14:55:11,233 - __main__ - INFO - After correction (syndrome):
2023-06-11 14:55:11,233 - __main__ - INFO -   Number of correct bits: 26183767
2023-06-11 14:55:11,233 - __main__ - INFO -   Number of incorrect bits: 51113
2023-06-11 14:55:11,233 - __main__ - INFO -   Bit error rate: 0.001948
2023-06-11 14:55:11,235 - __main__ - INFO - ***WAV***
2023-06-11 14:55:11,236 - channel - INFO - Generated a (15, 11) cyclic code
2023-06-11 14:55:11,236 - channel - INFO - 1 correctable errors
2023-06-11 14:55:11,236 - channel - INFO - Generator matrix:
[[1 1 0 0 1 0 0 0 0 0 0 0 0 0 0]
 [0 1 1 0 0 1 0 0 0 0 0 0 0 0 0]
 [0 0 1 1 0 0 1 0 0 0 0 0 0 0 0]
 [1 1 0 1 0 0 0 1 0 0 0 0 0 0 0]
 [1 0 1 0 0 0 0 0 1 0 0 0 0 0 0]
 [0 1 0 1 0 0 0 0 0 1 0 0 0 0 0]
 [1 1 1 0 0 0 0 0 0 0 1 0 0 0 0]
 [0 1 1 1 0 0 0 0 0 0 0 1 0 0 0]
 [1 1 1 1 0 0 0 0 0 0 0 0 1 0 0]
 [1 0 1 1 0 0 0 0 0 0 0 0 0 1 0]
 [1 0 0 1 0 0 0 0 0 0 0 0 0 0 1]]
2023-06-11 14:55:13,414 - __main__ - INFO - Channel statistic analysis:
2023-06-11 14:55:13,415 - __main__ - INFO -   Total codewords: 780326
2023-06-11 14:55:13,415 - __main__ - INFO -   Correct codewords: 670917
2023-06-11 14:55:13,415 - __main__ - INFO -   Codeword error rate: 0.140209
2023-06-11 14:55:13,415 - __main__ - INFO -     1 error codewords: 101973
2023-06-11 14:55:13,415 - __main__ - INFO -     Uncorrectable codewords: 7436
2023-06-11 14:55:16,298 - __main__ - INFO - Before correction:
2023-06-11 14:55:16,298 - __main__ - INFO -   Number of correct bits: 8497478
2023-06-11 14:55:16,298 - __main__ - INFO -   Number of incorrect bits: 86106
2023-06-11 14:55:16,298 - __main__ - INFO -   Bit error rate: 0.010031
2023-06-11 14:55:19,854 - __main__ - INFO - After correction (syndrome):
2023-06-11 14:55:19,855 - __main__ - INFO -   Number of correct bits: 8566960
2023-06-11 14:55:19,855 - __main__ - INFO -   Number of incorrect bits: 16624
2023-06-11 14:55:19,855 - __main__ - INFO -   Bit error rate: 0.001937
